2024-10-17 20:44:15,309 - __main__ - INFO - User registered successfully: newuser
2024-10-17 20:44:21,850 - __main__ - WARNING - Attempt to register with existing username: newuser
2024-10-17 20:53:47,161 - __main__ - INFO - User logged in successfully: newuser
2024-10-17 21:10:25,213 - __main__ - INFO - User registered successfully: oleg
2024-10-17 21:12:43,840 - __main__ - WARNING - Invalid login attempt for username: newuser
2024-10-17 21:14:04,459 - __main__ - WARNING - Invalid login attempt for username: newuser
2024-10-17 21:14:12,587 - __main__ - WARNING - Invalid login attempt for username: newuser
2024-10-17 21:14:24,026 - __main__ - WARNING - Invalid login attempt for username: newuser
2024-10-17 21:14:28,072 - __main__ - WARNING - Invalid login attempt for username: newuser1
2024-10-17 21:14:30,887 - __main__ - WARNING - Invalid login attempt for username: newuser1
2024-10-17 21:17:02,127 - __main__ - INFO - User registered successfully: 435451
2024-10-17 21:22:55,620 - __main__ - INFO - User registered successfully: 4354511
2024-10-17 21:36:12,215 - __main__ - INFO - User registered successfully: Й123
2024-10-17 21:46:36,121 - __main__ - INFO - User registered successfully: Щдуп123
2024-10-17 21:49:23,266 - __main__ - INFO - User registered successfully: Opfndnfd
2024-10-17 22:07:06,888 - __main__ - INFO - User registered successfully: 1267
2024-10-17 22:08:01,001 - __main__ - INFO - User registered successfully: 123123
2024-10-17 22:08:37,431 - __main__ - INFO - User logged in successfully: 123123
2024-10-17 22:09:16,399 - __main__ - INFO - User logged in successfully: newuser
2024-10-17 22:10:10,011 - __main__ - INFO - User logged in successfully: newuser
2024-10-17 22:10:54,845 - __main__ - WARNING - Invalid login attempt for username: 2
2024-10-17 22:13:40,197 - __main__ - WARNING - Invalid login attempt for username: 2345345
2024-10-17 22:16:15,686 - __main__ - WARNING - Invalid login attempt: user '2345345' not found
2024-10-17 22:16:50,820 - __main__ - WARNING - Invalid login attempt: user '123' not found
2024-10-17 22:17:03,084 - __main__ - WARNING - Invalid login attempt: wrong password for user '123123'
2024-10-17 22:20:39,732 - __main__ - INFO - User logged in successfully: 123123
2024-10-17 22:20:57,919 - __main__ - WARNING - Invalid login attempt: wrong password for user '123123'
2024-10-17 22:21:05,476 - __main__ - WARNING - Invalid login attempt: user '12312' not found
2024-10-17 22:21:37,701 - __main__ - INFO - User logged in successfully: 123123
2024-10-17 22:49:09,097 - __main__ - INFO - User registered successfully: newuser
2024-10-17 22:49:26,951 - __main__ - WARNING - Invalid login attempt: user 'newuser1' not found
2024-10-17 22:49:31,714 - __main__ - INFO - User logged in successfully: newuser
2024-10-17 22:49:34,556 - __main__ - WARNING - Invalid login attempt: wrong password for user 'newuser'
2024-10-17 22:49:38,126 - __main__ - INFO - User logged in successfully: newuser
2024-10-17 22:50:39,523 - __main__ - INFO - User logged in successfully: newuser
2024-10-17 22:53:18,247 - __main__ - INFO - User registered successfully: newuser1
2024-10-17 22:58:34,344 - __main__ - WARNING - Attempt to register with existing username: newuser1
2024-10-17 22:58:40,749 - __main__ - INFO - User registered successfully: newuser2
2024-10-17 22:59:06,541 - __main__ - INFO - User logged in successfully: newuser2
2024-10-17 23:01:57,710 - __main__ - INFO - User logged in successfully: newuser2
2024-10-17 23:09:47,728 - __main__ - INFO - User logged in successfully: newuser2
2024-10-17 23:09:54,986 - __main__ - INFO - User logged in successfully: newuser2
2024-10-17 23:10:19,896 - __main__ - INFO - User logged in successfully: newuser2
2024-10-17 23:12:56,166 - __main__ - INFO - User logged in successfully: newuser2
2024-10-17 23:49:03,001 - __main__ - INFO - User registered successfully: йцуйуцйуц
2024-10-17 23:52:30,856 - __main__ - WARNING - Invalid login attempt: user '123123' not found
2024-10-17 23:52:40,191 - __main__ - INFO - User registered successfully: виапиавпаип
2024-10-18 00:07:29,844 - __main__ - WARNING - Invalid login attempt: user 'newuser' not found
2024-10-18 00:07:50,471 - __main__ - INFO - User registered successfully: newuser
2024-10-18 00:45:18,414 - __main__ - INFO - User registered successfully: admin
